2021-07-20 17:59:08,349 | dataLinker.py | 32 | DEBUG -> ### es urls : ['jjundol.iptime.org']
2021-07-20 17:59:08,350 | dataLinker.py | 33 | DEBUG -> ### company index name : company_info_01
2021-07-20 17:59:08,350 | dataLinker.py | 34 | DEBUG -> ### price index name : daily_price_01
2021-07-20 17:59:08,397 | dataLinker.py | 39 | DEBUG -> create company_info index
2021-07-20 17:59:08,610 | dataLinker.py | 55 | DEBUG -> index for daily_price exists 
2021-07-20 17:59:11,034 | dataLinker.py | 133 | DEBUG -> inserting codes finished!!!
2021-07-20 17:59:11,040 | DataCollector.py | 43 | DEBUG -> Not First Execution
2021-07-20 17:59:37,492 | DataCollector.py | 49 | DEBUG -> elapsed time : [00:00:29]
2021-07-20 22:45:02,240 | dataLinker.py | 32 | DEBUG -> ### es urls : ['192.168.0.38', '192.168.0.39']
2021-07-20 22:45:02,241 | dataLinker.py | 33 | DEBUG -> ### company index name : company_info_01
2021-07-20 22:45:02,241 | dataLinker.py | 34 | DEBUG -> ### price index name : daily_price_01
2021-07-20 22:45:02,257 | dataLinker.py | 39 | DEBUG -> create company_info index
2021-07-20 22:45:02,751 | dataLinker.py | 55 | DEBUG -> index for daily_price exists 
2021-07-20 22:45:07,454 | dataLinker.py | 133 | DEBUG -> inserting codes finished!!!
2021-07-20 22:45:07,456 | DataCollector.py | 43 | DEBUG -> Not First Execution
2021-07-20 22:46:09,158 | DataCollector.py | 49 | DEBUG -> elapsed time : [00:01:06]
2021-07-20 22:46:24,080 | dataLinker.py | 32 | DEBUG -> ### es urls : ['192.168.0.38', '192.168.0.39']
2021-07-20 22:46:24,081 | dataLinker.py | 33 | DEBUG -> ### company index name : company_info_01
2021-07-20 22:46:24,081 | dataLinker.py | 34 | DEBUG -> ### price index name : daily_price_01
2021-07-20 22:46:24,088 | dataLinker.py | 39 | DEBUG -> create company_info index
2021-07-20 22:46:24,817 | dataLinker.py | 55 | DEBUG -> index for daily_price exists 
2021-07-20 22:46:26,938 | dataLinker.py | 133 | DEBUG -> inserting codes finished!!!
2021-07-20 22:46:26,940 | DataCollector.py | 43 | DEBUG -> Not First Execution
2021-07-20 22:47:21,605 | DataCollector.py | 49 | DEBUG -> elapsed time : [00:00:57]
2021-07-20 23:54:01,707 | dataLinker.py | 32 | DEBUG -> ### es urls : ['192.168.0.38', '192.168.0.39']
2021-07-20 23:54:01,707 | dataLinker.py | 33 | DEBUG -> ### company index name : company_info_01
2021-07-20 23:54:01,708 | dataLinker.py | 34 | DEBUG -> ### price index name : daily_price_01
2021-07-20 23:54:01,721 | dataLinker.py | 45 | DEBUG -> index for company_info exists 
2021-07-20 23:54:01,736 | dataLinker.py | 55 | DEBUG -> index for daily_price exists 
2021-07-20 23:54:01,802 | dataLinker.py | 137 | DEBUG -> max_date is not None
2021-07-20 23:54:01,802 | dataLinker.py | 140 | DEBUG -> max_date is not less than today
2021-07-20 23:54:01,803 | DataCollector.py | 43 | DEBUG -> Not First Execution
2021-07-20 23:55:15,666 | DataCollector.py | 49 | DEBUG -> elapsed time : [00:01:13]
